[2020-10-17 16:37:16] app.INFO: Protect vendor folder in module contactform [] []
[2020-10-17 16:37:16] app.INFO: Module contactform has no vendor folder [] []
[2020-10-17 16:37:16] app.INFO: Protect vendor folder in module dashactivity [] []
[2020-10-17 16:37:16] app.INFO: Module dashactivity has no vendor folder [] []
[2020-10-17 16:37:16] app.INFO: Protect vendor folder in module dashtrends [] []
[2020-10-17 16:37:16] app.INFO: Module dashtrends has no vendor folder [] []
[2020-10-17 16:37:16] app.INFO: Protect vendor folder in module dashgoals [] []
[2020-10-17 16:37:16] app.INFO: Module dashgoals has no vendor folder [] []
[2020-10-17 16:37:16] app.INFO: Protect vendor folder in module dashproducts [] []
[2020-10-17 16:37:16] app.INFO: Module dashproducts has no vendor folder [] []
[2020-10-17 16:37:16] app.INFO: Protect vendor folder in module graphnvd3 [] []
[2020-10-17 16:37:16] app.INFO: Module graphnvd3 has no vendor folder [] []
[2020-10-17 16:37:16] app.INFO: Protect vendor folder in module gridhtml [] []
[2020-10-17 16:37:16] app.INFO: Module gridhtml has no vendor folder [] []
[2020-10-17 16:37:17] app.INFO: Protect vendor folder in module gsitemap [] []
[2020-10-17 16:37:17] app.INFO: Module gsitemap has no vendor folder [] []
[2020-10-17 16:37:17] app.INFO: Protect vendor folder in module ps_banner [] []
[2020-10-17 16:37:17] app.INFO: Module ps_banner has no vendor folder [] []
[2020-10-17 16:37:17] app.INFO: Protect vendor folder in module ps_categorytree [] []
[2020-10-17 16:37:17] app.INFO: Module ps_categorytree has no vendor folder [] []
[2020-10-17 16:37:17] app.INFO: Protect vendor folder in module ps_checkpayment [] []
[2020-10-17 16:37:17] app.INFO: Module ps_checkpayment has no vendor folder [] []
[2020-10-17 16:37:17] app.INFO: Protect vendor folder in module ps_contactinfo [] []
[2020-10-17 16:37:17] app.INFO: Module ps_contactinfo has no vendor folder [] []
[2020-10-17 16:37:17] app.INFO: Protect vendor folder in module ps_currencyselector [] []
[2020-10-17 16:37:17] app.INFO: Module ps_currencyselector has no vendor folder [] []
[2020-10-17 16:37:17] app.INFO: Protect vendor folder in module ps_customeraccountlinks [] []
[2020-10-17 16:37:17] app.INFO: Module ps_customeraccountlinks has no vendor folder [] []
[2020-10-17 16:37:17] app.INFO: Protect vendor folder in module ps_customersignin [] []
[2020-10-17 16:37:17] app.INFO: Module ps_customersignin has no vendor folder [] []
[2020-10-17 16:37:17] app.INFO: Protect vendor folder in module ps_customtext [] []
[2020-10-17 16:37:17] app.INFO: Module ps_customtext has no vendor folder [] []
[2020-10-17 16:37:17] app.INFO: Protect vendor folder in module ps_emailsubscription [] []
[2020-10-17 16:37:17] app.INFO: Module ps_emailsubscription has no vendor folder [] []
[2020-10-17 16:37:18] app.INFO: Protect vendor folder in module ps_facetedsearch [] []
[2020-10-17 16:37:18] app.INFO: Module ps_facetedsearch has no vendor folder [] []
[2020-10-17 16:37:18] app.INFO: Protect vendor folder in module ps_faviconnotificationbo [] []
[2020-10-17 16:37:18] app.INFO: Module ps_faviconnotificationbo has no vendor folder [] []
[2020-10-17 16:37:18] app.INFO: Protect vendor folder in module ps_featuredproducts [] []
[2020-10-17 16:37:18] app.INFO: Module ps_featuredproducts has no vendor folder [] []
[2020-10-17 16:37:18] app.INFO: Protect vendor folder in module ps_imageslider [] []
[2020-10-17 16:37:18] app.INFO: Module ps_imageslider has no vendor folder [] []
[2020-10-17 16:37:18] app.INFO: Protect vendor folder in module ps_languageselector [] []
[2020-10-17 16:37:18] app.INFO: Module ps_languageselector has no vendor folder [] []
[2020-10-17 16:37:18] app.INFO: Protect vendor folder in module ps_linklist [] []
[2020-10-17 16:37:18] app.INFO: Module ps_linklist has no vendor folder [] []
[2020-10-17 16:37:18] app.ERROR: Class "AdminLinkWidgetController" not found in controllers/admin [] []
[2020-10-17 16:37:18] app.INFO: Protect vendor folder in module ps_mainmenu [] []
[2020-10-17 16:37:18] app.INFO: Module ps_mainmenu has no vendor folder [] []
[2020-10-17 16:37:18] app.INFO: Protect vendor folder in module ps_searchbar [] []
[2020-10-17 16:37:18] app.INFO: Module ps_searchbar has no vendor folder [] []
[2020-10-17 16:37:18] app.INFO: Protect vendor folder in module ps_sharebuttons [] []
[2020-10-17 16:37:18] app.INFO: Module ps_sharebuttons has no vendor folder [] []
[2020-10-17 16:37:18] app.INFO: Protect vendor folder in module ps_shoppingcart [] []
[2020-10-17 16:37:18] app.INFO: Module ps_shoppingcart has no vendor folder [] []
[2020-10-17 16:37:18] app.INFO: Protect vendor folder in module ps_socialfollow [] []
[2020-10-17 16:37:18] app.INFO: Module ps_socialfollow has no vendor folder [] []
[2020-10-17 16:37:19] app.INFO: Protect vendor folder in module ps_themecusto [] []
[2020-10-17 16:37:19] app.INFO: Module ps_themecusto has no vendor folder [] []
[2020-10-17 16:37:19] app.INFO: Protect vendor folder in module ps_wirepayment [] []
[2020-10-17 16:37:19] app.INFO: Module ps_wirepayment has no vendor folder [] []
[2020-10-17 16:37:19] app.INFO: Protect vendor folder in module pagesnotfound [] []
[2020-10-17 16:37:19] app.INFO: Module pagesnotfound has no vendor folder [] []
[2020-10-17 16:37:19] app.INFO: Protect vendor folder in module sekeywords [] []
[2020-10-17 16:37:19] app.INFO: Module sekeywords has no vendor folder [] []
[2020-10-17 16:37:19] app.INFO: Protect vendor folder in module statsbestcategories [] []
[2020-10-17 16:37:19] app.INFO: Module statsbestcategories has no vendor folder [] []
[2020-10-17 16:37:19] app.INFO: Protect vendor folder in module statsbestcustomers [] []
[2020-10-17 16:37:19] app.INFO: Module statsbestcustomers has no vendor folder [] []
[2020-10-17 16:37:19] app.INFO: Protect vendor folder in module statsbestproducts [] []
[2020-10-17 16:37:19] app.INFO: Module statsbestproducts has no vendor folder [] []
[2020-10-17 16:37:19] app.INFO: Protect vendor folder in module statsbestsuppliers [] []
[2020-10-17 16:37:19] app.INFO: Module statsbestsuppliers has no vendor folder [] []
[2020-10-17 16:37:19] app.INFO: Protect vendor folder in module statsbestvouchers [] []
[2020-10-17 16:37:19] app.INFO: Module statsbestvouchers has no vendor folder [] []
[2020-10-17 16:37:19] app.INFO: Protect vendor folder in module statscarrier [] []
[2020-10-17 16:37:19] app.INFO: Module statscarrier has no vendor folder [] []
[2020-10-17 16:37:19] app.INFO: Protect vendor folder in module statscatalog [] []
[2020-10-17 16:37:19] app.INFO: Module statscatalog has no vendor folder [] []
[2020-10-17 16:37:19] app.INFO: Protect vendor folder in module statscheckup [] []
[2020-10-17 16:37:19] app.INFO: Module statscheckup has no vendor folder [] []
[2020-10-17 16:37:19] app.INFO: Protect vendor folder in module statsdata [] []
[2020-10-17 16:37:19] app.INFO: Module statsdata has no vendor folder [] []
[2020-10-17 16:37:19] app.INFO: Protect vendor folder in module statsequipment [] []
[2020-10-17 16:37:19] app.INFO: Module statsequipment has no vendor folder [] []
[2020-10-17 16:37:19] app.INFO: Protect vendor folder in module statsforecast [] []
[2020-10-17 16:37:19] app.INFO: Module statsforecast has no vendor folder [] []
[2020-10-17 16:37:19] app.INFO: Protect vendor folder in module statslive [] []
[2020-10-17 16:37:19] app.INFO: Module statslive has no vendor folder [] []
[2020-10-17 16:37:20] app.INFO: Protect vendor folder in module statsnewsletter [] []
[2020-10-17 16:37:20] app.INFO: Module statsnewsletter has no vendor folder [] []
[2020-10-17 16:37:20] app.INFO: Protect vendor folder in module statsorigin [] []
[2020-10-17 16:37:20] app.INFO: Module statsorigin has no vendor folder [] []
[2020-10-17 16:37:20] app.INFO: Protect vendor folder in module statspersonalinfos [] []
[2020-10-17 16:37:20] app.INFO: Module statspersonalinfos has no vendor folder [] []
[2020-10-17 16:37:20] app.INFO: Protect vendor folder in module statsproduct [] []
[2020-10-17 16:37:20] app.INFO: Module statsproduct has no vendor folder [] []
[2020-10-17 16:37:20] app.INFO: Protect vendor folder in module statsregistrations [] []
[2020-10-17 16:37:20] app.INFO: Module statsregistrations has no vendor folder [] []
[2020-10-17 16:37:20] app.INFO: Protect vendor folder in module statssales [] []
[2020-10-17 16:37:20] app.INFO: Module statssales has no vendor folder [] []
[2020-10-17 16:37:20] app.INFO: Protect vendor folder in module statssearch [] []
[2020-10-17 16:37:20] app.INFO: Module statssearch has no vendor folder [] []
[2020-10-17 16:37:20] app.INFO: Protect vendor folder in module statsstock [] []
[2020-10-17 16:37:20] app.INFO: Module statsstock has no vendor folder [] []
[2020-10-17 16:37:20] app.INFO: Protect vendor folder in module statsvisits [] []
[2020-10-17 16:37:20] app.INFO: Module statsvisits has no vendor folder [] []
[2020-10-17 16:37:20] app.INFO: Protect vendor folder in module welcome [] []
[2020-10-17 16:37:22] app.INFO: Exporting mail with theme modern for language Polski (Polish) [] []
[2020-10-17 16:37:22] app.INFO: Core output folder: /var/www/html/prestashop/mails [] []
[2020-10-17 16:37:22] app.INFO: Modules output folder: /var/www/html/prestashop/modules/ [] []
[2020-11-11 22:32:50] request.INFO: Matched route "admin_module_manage". {"route":"admin_module_manage","route_parameters":{"category":null,"keyword":null,"_controller":"PrestaShopBundle\\Controller\\Admin\\Improve\\ModuleController::manageAction","_legacy_controller":"AdminModulesManage","_legacy_link":["AdminModulesManage","AdminModulesSf"],"_route":"admin_module_manage"},"request_uri":"https://localhost/prestashop/admin428cvzpum/index.php/improve/modules/manage?_token=nA90uctgCMg1U3Mo7NeGLWYY542QtB1YhWjD3dy1blk","method":"GET"} []
[2020-11-11 22:32:50] security.DEBUG: Read existing security token from the session. {"key":"_security_main","token_class":"Symfony\\Component\\Security\\Core\\Authentication\\Token\\UsernamePasswordToken"} []
[2020-11-11 22:32:50] security.DEBUG: User was reloaded from a user provider. {"provider":"PrestaShopBundle\\Security\\Admin\\EmployeeProvider","username":"patrykkalkowski5675@gmail.com"} []
[2020-11-11 22:32:51] app.ERROR: Data from PrestaShop Addons is invalid, and cannot fallback on cache.  {"exception":"Client error response [url] https://api-addons.prestashop.com?format=json&iso_lang=pl&iso_code=PL&version=1.7.6.8&shop_url=http%3A%2F%2Flocalhost&method=listing&action=customer&username=patrykkalkowski5675%40gmail.com&password=qwerty123 [status code] 400 [reason phrase] Bad Request"} []
[2020-11-11 22:32:52] security.DEBUG: Stored the security token in the session. {"key":"_security_main"} []
[2020-11-11 22:32:54] request.INFO: Matched route "admin_module_notification_count". {"route":"admin_module_notification_count","route_parameters":{"_controller":"PrestaShopBundle\\Controller\\Admin\\Improve\\Modules\\AlertsController::notificationsCountAction","_legacy_controller":"AdminModulesNotifications","_legacy_link":"AdminModulesNotifications:count","_route":"admin_module_notification_count"},"request_uri":"https://localhost/prestashop/admin428cvzpum/index.php/improve/modules/alerts/count?_token=nA90uctgCMg1U3Mo7NeGLWYY542QtB1YhWjD3dy1blk","method":"GET"} []
[2020-11-11 22:32:54] security.DEBUG: Read existing security token from the session. {"key":"_security_main","token_class":"Symfony\\Component\\Security\\Core\\Authentication\\Token\\UsernamePasswordToken"} []
[2020-11-11 22:32:54] security.DEBUG: User was reloaded from a user provider. {"provider":"PrestaShopBundle\\Security\\Admin\\EmployeeProvider","username":"patrykkalkowski5675@gmail.com"} []
[2020-11-11 22:32:54] app.ERROR: Data from PrestaShop Addons is invalid, and cannot fallback on cache.  {"exception":"Client error response [url] https://api-addons.prestashop.com?format=json&iso_lang=pl&iso_code=PL&version=1.7.6.8&shop_url=http%3A%2F%2Flocalhost&method=listing&action=customer&username=patrykkalkowski5675%40gmail.com&password=qwerty123 [status code] 400 [reason phrase] Bad Request"} []
[2020-11-11 22:32:55] security.DEBUG: Stored the security token in the session. {"key":"_security_main"} []
[2020-11-11 22:33:26] request.INFO: Matched route "admin_module_notification_count". {"route":"admin_module_notification_count","route_parameters":{"_controller":"PrestaShopBundle\\Controller\\Admin\\Improve\\Modules\\AlertsController::notificationsCountAction","_legacy_controller":"AdminModulesNotifications","_legacy_link":"AdminModulesNotifications:count","_route":"admin_module_notification_count"},"request_uri":"https://localhost/prestashop/admin428cvzpum/index.php/improve/modules/alerts/count?_token=nA90uctgCMg1U3Mo7NeGLWYY542QtB1YhWjD3dy1blk","method":"GET"} []
[2020-11-11 22:33:26] security.DEBUG: Read existing security token from the session. {"key":"_security_main","token_class":"Symfony\\Component\\Security\\Core\\Authentication\\Token\\UsernamePasswordToken"} []
[2020-11-11 22:33:26] security.DEBUG: User was reloaded from a user provider. {"provider":"PrestaShopBundle\\Security\\Admin\\EmployeeProvider","username":"patrykkalkowski5675@gmail.com"} []
[2020-11-11 22:33:26] app.ERROR: Data from PrestaShop Addons is invalid, and cannot fallback on cache.  {"exception":"Client error response [url] https://api-addons.prestashop.com?format=json&iso_lang=pl&iso_code=PL&version=1.7.6.8&shop_url=http%3A%2F%2Flocalhost&method=listing&action=customer&username=patrykkalkowski5675%40gmail.com&password=qwerty123 [status code] 400 [reason phrase] Bad Request"} []
[2020-11-11 22:33:27] security.DEBUG: Stored the security token in the session. {"key":"_security_main"} []
[2020-11-11 22:33:26] request.INFO: Matched route "admin_module_catalog_refresh". {"route":"admin_module_catalog_refresh","route_parameters":{"category":null,"keyword":null,"_controller":"PrestaShopBundle\\Controller\\Admin\\Improve\\ModuleController::refreshCatalogAction","_legacy_controller":"AdminModulesCatalog","_legacy_link":"AdminModulesCatalog:refresh","_route":"admin_module_catalog_refresh"},"request_uri":"https://localhost/prestashop/admin428cvzpum/index.php/improve/modules/catalog/refresh?_token=nA90uctgCMg1U3Mo7NeGLWYY542QtB1YhWjD3dy1blk","method":"GET"} []
[2020-11-11 22:33:27] security.DEBUG: Read existing security token from the session. {"key":"_security_main","token_class":"Symfony\\Component\\Security\\Core\\Authentication\\Token\\UsernamePasswordToken"} []
[2020-11-11 22:33:27] security.DEBUG: User was reloaded from a user provider. {"provider":"PrestaShopBundle\\Security\\Admin\\EmployeeProvider","username":"patrykkalkowski5675@gmail.com"} []
[2020-11-11 22:33:28] app.ERROR: Data from PrestaShop Addons is invalid, and cannot fallback on cache.  {"exception":"Client error response [url] https://api-addons.prestashop.com?format=json&iso_lang=pl&iso_code=PL&version=1.7.6.8&shop_url=http%3A%2F%2Flocalhost&method=listing&action=customer&username=patrykkalkowski5675%40gmail.com&password=qwerty123 [status code] 400 [reason phrase] Bad Request"} []
[2020-11-11 22:33:28] security.DEBUG: Stored the security token in the session. {"key":"_security_main"} []
[2020-11-11 22:33:32] request.INFO: Matched route "admin_module_manage". {"route":"admin_module_manage","route_parameters":{"category":null,"keyword":null,"_controller":"PrestaShopBundle\\Controller\\Admin\\Improve\\ModuleController::manageAction","_legacy_controller":"AdminModulesManage","_legacy_link":["AdminModulesManage","AdminModulesSf"],"_route":"admin_module_manage"},"request_uri":"https://localhost/prestashop/admin428cvzpum/index.php/improve/modules/manage?_token=nA90uctgCMg1U3Mo7NeGLWYY542QtB1YhWjD3dy1blk","method":"GET"} []
[2020-11-11 22:33:32] security.DEBUG: Read existing security token from the session. {"key":"_security_main","token_class":"Symfony\\Component\\Security\\Core\\Authentication\\Token\\UsernamePasswordToken"} []
[2020-11-11 22:33:32] security.DEBUG: User was reloaded from a user provider. {"provider":"PrestaShopBundle\\Security\\Admin\\EmployeeProvider","username":"patrykkalkowski5675@gmail.com"} []
[2020-11-11 22:33:32] app.ERROR: Data from PrestaShop Addons is invalid, and cannot fallback on cache.  {"exception":"Client error response [url] https://api-addons.prestashop.com?format=json&iso_lang=pl&iso_code=PL&version=1.7.6.8&shop_url=http%3A%2F%2Flocalhost&method=listing&action=customer&username=patrykkalkowski5675%40gmail.com&password=qwerty123 [status code] 400 [reason phrase] Bad Request"} []
[2020-11-11 22:33:33] security.DEBUG: Stored the security token in the session. {"key":"_security_main"} []
[2020-11-11 22:33:35] request.INFO: Matched route "admin_module_notification_count". {"route":"admin_module_notification_count","route_parameters":{"_controller":"PrestaShopBundle\\Controller\\Admin\\Improve\\Modules\\AlertsController::notificationsCountAction","_legacy_controller":"AdminModulesNotifications","_legacy_link":"AdminModulesNotifications:count","_route":"admin_module_notification_count"},"request_uri":"https://localhost/prestashop/admin428cvzpum/index.php/improve/modules/alerts/count?_token=nA90uctgCMg1U3Mo7NeGLWYY542QtB1YhWjD3dy1blk","method":"GET"} []
[2020-11-11 22:33:35] security.DEBUG: Read existing security token from the session. {"key":"_security_main","token_class":"Symfony\\Component\\Security\\Core\\Authentication\\Token\\UsernamePasswordToken"} []
[2020-11-11 22:33:35] security.DEBUG: User was reloaded from a user provider. {"provider":"PrestaShopBundle\\Security\\Admin\\EmployeeProvider","username":"patrykkalkowski5675@gmail.com"} []
[2020-11-11 22:33:35] app.ERROR: Data from PrestaShop Addons is invalid, and cannot fallback on cache.  {"exception":"Client error response [url] https://api-addons.prestashop.com?format=json&iso_lang=pl&iso_code=PL&version=1.7.6.8&shop_url=http%3A%2F%2Flocalhost&method=listing&action=customer&username=patrykkalkowski5675%40gmail.com&password=qwerty123 [status code] 400 [reason phrase] Bad Request"} []
[2020-11-11 22:33:36] security.DEBUG: Stored the security token in the session. {"key":"_security_main"} []
[2020-11-11 22:33:49] request.INFO: Matched route "admin_module_notification". {"route":"admin_module_notification","route_parameters":{"_controller":"PrestaShopBundle\\Controller\\Admin\\Improve\\Modules\\AlertsController::indexAction","_legacy_controller":"AdminModulesNotifications","_legacy_link":"AdminModulesNotifications","_route":"admin_module_notification"},"request_uri":"https://localhost/prestashop/admin428cvzpum/index.php/improve/modules/alerts?_token=nA90uctgCMg1U3Mo7NeGLWYY542QtB1YhWjD3dy1blk","method":"GET"} []
[2020-11-11 22:33:49] security.DEBUG: Read existing security token from the session. {"key":"_security_main","token_class":"Symfony\\Component\\Security\\Core\\Authentication\\Token\\UsernamePasswordToken"} []
[2020-11-11 22:33:49] security.DEBUG: User was reloaded from a user provider. {"provider":"PrestaShopBundle\\Security\\Admin\\EmployeeProvider","username":"patrykkalkowski5675@gmail.com"} []
[2020-11-11 22:33:49] app.ERROR: Data from PrestaShop Addons is invalid, and cannot fallback on cache.  {"exception":"Client error response [url] https://api-addons.prestashop.com?format=json&iso_lang=pl&iso_code=PL&version=1.7.6.8&shop_url=http%3A%2F%2Flocalhost&method=listing&action=customer&username=patrykkalkowski5675%40gmail.com&password=qwerty123 [status code] 400 [reason phrase] Bad Request"} []
[2020-11-11 22:33:50] security.DEBUG: Stored the security token in the session. {"key":"_security_main"} []
[2020-11-11 22:33:51] request.INFO: Matched route "admin_module_notification_count". {"route":"admin_module_notification_count","route_parameters":{"_controller":"PrestaShopBundle\\Controller\\Admin\\Improve\\Modules\\AlertsController::notificationsCountAction","_legacy_controller":"AdminModulesNotifications","_legacy_link":"AdminModulesNotifications:count","_route":"admin_module_notification_count"},"request_uri":"https://localhost/prestashop/admin428cvzpum/index.php/improve/modules/alerts/count?_token=nA90uctgCMg1U3Mo7NeGLWYY542QtB1YhWjD3dy1blk","method":"GET"} []
[2020-11-11 22:33:51] security.DEBUG: Read existing security token from the session. {"key":"_security_main","token_class":"Symfony\\Component\\Security\\Core\\Authentication\\Token\\UsernamePasswordToken"} []
[2020-11-11 22:33:51] security.DEBUG: User was reloaded from a user provider. {"provider":"PrestaShopBundle\\Security\\Admin\\EmployeeProvider","username":"patrykkalkowski5675@gmail.com"} []
[2020-11-11 22:33:51] app.ERROR: Data from PrestaShop Addons is invalid, and cannot fallback on cache.  {"exception":"Client error response [url] https://api-addons.prestashop.com?format=json&iso_lang=pl&iso_code=PL&version=1.7.6.8&shop_url=http%3A%2F%2Flocalhost&method=listing&action=customer&username=patrykkalkowski5675%40gmail.com&password=qwerty123 [status code] 400 [reason phrase] Bad Request"} []
[2020-11-11 22:33:52] security.DEBUG: Stored the security token in the session. {"key":"_security_main"} []
[2020-11-11 22:33:56] request.INFO: Matched route "admin_module_configure_action". {"route":"admin_module_configure_action","route_parameters":{"_controller":"PrestaShopBundle\\Controller\\Admin\\Improve\\ModuleController::configureModuleAction","_legacy_controller":"AdminModules","module_name":"ps_wirepayment","_route":"admin_module_configure_action"},"request_uri":"https://localhost/prestashop/admin428cvzpum/index.php/improve/modules/manage/action/configure/ps_wirepayment?_token=nA90uctgCMg1U3Mo7NeGLWYY542QtB1YhWjD3dy1blk","method":"GET"} []
[2020-11-11 22:33:56] security.DEBUG: Read existing security token from the session. {"key":"_security_main","token_class":"Symfony\\Component\\Security\\Core\\Authentication\\Token\\UsernamePasswordToken"} []
[2020-11-11 22:33:56] security.DEBUG: User was reloaded from a user provider. {"provider":"PrestaShopBundle\\Security\\Admin\\EmployeeProvider","username":"patrykkalkowski5675@gmail.com"} []
[2020-11-11 22:33:57] app.ERROR: Data from PrestaShop Addons is invalid, and cannot fallback on cache.  {"exception":"Client error response [url] https://api-addons.prestashop.com?format=json&iso_lang=pl&iso_code=PL&version=1.7.6.8&shop_url=http%3A%2F%2Flocalhost&method=listing&action=customer&username=patrykkalkowski5675%40gmail.com&password=qwerty123 [status code] 400 [reason phrase] Bad Request"} []
[2020-11-11 22:33:57] security.DEBUG: Stored the security token in the session. {"key":"_security_main"} []
[2020-11-11 22:34:04] request.INFO: Matched route "admin_module_notification". {"route":"admin_module_notification","route_parameters":{"_controller":"PrestaShopBundle\\Controller\\Admin\\Improve\\Modules\\AlertsController::indexAction","_legacy_controller":"AdminModulesNotifications","_legacy_link":"AdminModulesNotifications","_route":"admin_module_notification"},"request_uri":"https://localhost/prestashop/admin428cvzpum/index.php/improve/modules/alerts?_token=nA90uctgCMg1U3Mo7NeGLWYY542QtB1YhWjD3dy1blk","method":"GET"} []
[2020-11-11 22:34:04] security.DEBUG: Read existing security token from the session. {"key":"_security_main","token_class":"Symfony\\Component\\Security\\Core\\Authentication\\Token\\UsernamePasswordToken"} []
[2020-11-11 22:34:04] security.DEBUG: User was reloaded from a user provider. {"provider":"PrestaShopBundle\\Security\\Admin\\EmployeeProvider","username":"patrykkalkowski5675@gmail.com"} []
[2020-11-11 22:34:04] app.ERROR: Data from PrestaShop Addons is invalid, and cannot fallback on cache.  {"exception":"Client error response [url] https://api-addons.prestashop.com?format=json&iso_lang=pl&iso_code=PL&version=1.7.6.8&shop_url=http%3A%2F%2Flocalhost&method=listing&action=customer&username=patrykkalkowski5675%40gmail.com&password=qwerty123 [status code] 400 [reason phrase] Bad Request"} []
[2020-11-11 22:34:05] security.DEBUG: Stored the security token in the session. {"key":"_security_main"} []
[2020-11-11 22:34:06] request.INFO: Matched route "admin_module_notification_count". {"route":"admin_module_notification_count","route_parameters":{"_controller":"PrestaShopBundle\\Controller\\Admin\\Improve\\Modules\\AlertsController::notificationsCountAction","_legacy_controller":"AdminModulesNotifications","_legacy_link":"AdminModulesNotifications:count","_route":"admin_module_notification_count"},"request_uri":"https://localhost/prestashop/admin428cvzpum/index.php/improve/modules/alerts/count?_token=nA90uctgCMg1U3Mo7NeGLWYY542QtB1YhWjD3dy1blk","method":"GET"} []
[2020-11-11 22:34:06] security.DEBUG: Read existing security token from the session. {"key":"_security_main","token_class":"Symfony\\Component\\Security\\Core\\Authentication\\Token\\UsernamePasswordToken"} []
[2020-11-11 22:34:06] security.DEBUG: User was reloaded from a user provider. {"provider":"PrestaShopBundle\\Security\\Admin\\EmployeeProvider","username":"patrykkalkowski5675@gmail.com"} []
[2020-11-11 22:34:07] app.ERROR: Data from PrestaShop Addons is invalid, and cannot fallback on cache.  {"exception":"Client error response [url] https://api-addons.prestashop.com?format=json&iso_lang=pl&iso_code=PL&version=1.7.6.8&shop_url=http%3A%2F%2Flocalhost&method=listing&action=customer&username=patrykkalkowski5675%40gmail.com&password=qwerty123 [status code] 400 [reason phrase] Bad Request"} []
[2020-11-11 22:34:07] security.DEBUG: Stored the security token in the session. {"key":"_security_main"} []
[2020-11-11 22:34:08] request.INFO: Matched route "admin_module_updates". {"route":"admin_module_updates","route_parameters":{"_controller":"PrestaShopBundle\\Controller\\Admin\\Improve\\Modules\\UpdatesController::indexAction","_legacy_controller":"AdminModulesUpdates","_legacy_link":"AdminModulesUpdates","_route":"admin_module_updates"},"request_uri":"https://localhost/prestashop/admin428cvzpum/index.php/improve/modules/updates?_token=nA90uctgCMg1U3Mo7NeGLWYY542QtB1YhWjD3dy1blk","method":"GET"} []
[2020-11-11 22:34:08] security.DEBUG: Read existing security token from the session. {"key":"_security_main","token_class":"Symfony\\Component\\Security\\Core\\Authentication\\Token\\UsernamePasswordToken"} []
[2020-11-11 22:34:08] security.DEBUG: User was reloaded from a user provider. {"provider":"PrestaShopBundle\\Security\\Admin\\EmployeeProvider","username":"patrykkalkowski5675@gmail.com"} []
[2020-11-11 22:34:08] app.ERROR: Data from PrestaShop Addons is invalid, and cannot fallback on cache.  {"exception":"Client error response [url] https://api-addons.prestashop.com?format=json&iso_lang=pl&iso_code=PL&version=1.7.6.8&shop_url=http%3A%2F%2Flocalhost&method=listing&action=customer&username=patrykkalkowski5675%40gmail.com&password=qwerty123 [status code] 400 [reason phrase] Bad Request"} []
[2020-11-11 22:34:08] security.DEBUG: Stored the security token in the session. {"key":"_security_main"} []
[2020-11-11 22:34:10] request.INFO: Matched route "admin_module_notification_count". {"route":"admin_module_notification_count","route_parameters":{"_controller":"PrestaShopBundle\\Controller\\Admin\\Improve\\Modules\\AlertsController::notificationsCountAction","_legacy_controller":"AdminModulesNotifications","_legacy_link":"AdminModulesNotifications:count","_route":"admin_module_notification_count"},"request_uri":"https://localhost/prestashop/admin428cvzpum/index.php/improve/modules/alerts/count?_token=nA90uctgCMg1U3Mo7NeGLWYY542QtB1YhWjD3dy1blk","method":"GET"} []
[2020-11-11 22:34:10] security.DEBUG: Read existing security token from the session. {"key":"_security_main","token_class":"Symfony\\Component\\Security\\Core\\Authentication\\Token\\UsernamePasswordToken"} []
[2020-11-11 22:34:10] security.DEBUG: User was reloaded from a user provider. {"provider":"PrestaShopBundle\\Security\\Admin\\EmployeeProvider","username":"patrykkalkowski5675@gmail.com"} []
[2020-11-11 22:34:10] app.ERROR: Data from PrestaShop Addons is invalid, and cannot fallback on cache.  {"exception":"Client error response [url] https://api-addons.prestashop.com?format=json&iso_lang=pl&iso_code=PL&version=1.7.6.8&shop_url=http%3A%2F%2Flocalhost&method=listing&action=customer&username=patrykkalkowski5675%40gmail.com&password=qwerty123 [status code] 400 [reason phrase] Bad Request"} []
[2020-11-11 22:34:10] security.DEBUG: Stored the security token in the session. {"key":"_security_main"} []
[2020-11-11 22:34:10] request.INFO: Matched route "admin_module_manage". {"route":"admin_module_manage","route_parameters":{"category":null,"keyword":null,"_controller":"PrestaShopBundle\\Controller\\Admin\\Improve\\ModuleController::manageAction","_legacy_controller":"AdminModulesManage","_legacy_link":["AdminModulesManage","AdminModulesSf"],"_route":"admin_module_manage"},"request_uri":"https://localhost/prestashop/admin428cvzpum/index.php/improve/modules/manage?_token=nA90uctgCMg1U3Mo7NeGLWYY542QtB1YhWjD3dy1blk","method":"GET"} []
[2020-11-11 22:34:10] security.DEBUG: Read existing security token from the session. {"key":"_security_main","token_class":"Symfony\\Component\\Security\\Core\\Authentication\\Token\\UsernamePasswordToken"} []
[2020-11-11 22:34:10] security.DEBUG: User was reloaded from a user provider. {"provider":"PrestaShopBundle\\Security\\Admin\\EmployeeProvider","username":"patrykkalkowski5675@gmail.com"} []
[2020-11-11 22:34:11] app.ERROR: Data from PrestaShop Addons is invalid, and cannot fallback on cache.  {"exception":"Client error response [url] https://api-addons.prestashop.com?format=json&iso_lang=pl&iso_code=PL&version=1.7.6.8&shop_url=http%3A%2F%2Flocalhost&method=listing&action=customer&username=patrykkalkowski5675%40gmail.com&password=qwerty123 [status code] 400 [reason phrase] Bad Request"} []
[2020-11-11 22:34:11] security.DEBUG: Stored the security token in the session. {"key":"_security_main"} []
[2020-11-11 22:34:13] request.INFO: Matched route "admin_module_notification_count". {"route":"admin_module_notification_count","route_parameters":{"_controller":"PrestaShopBundle\\Controller\\Admin\\Improve\\Modules\\AlertsController::notificationsCountAction","_legacy_controller":"AdminModulesNotifications","_legacy_link":"AdminModulesNotifications:count","_route":"admin_module_notification_count"},"request_uri":"https://localhost/prestashop/admin428cvzpum/index.php/improve/modules/alerts/count?_token=nA90uctgCMg1U3Mo7NeGLWYY542QtB1YhWjD3dy1blk","method":"GET"} []
[2020-11-11 22:34:13] security.DEBUG: Read existing security token from the session. {"key":"_security_main","token_class":"Symfony\\Component\\Security\\Core\\Authentication\\Token\\UsernamePasswordToken"} []
[2020-11-11 22:34:13] security.DEBUG: User was reloaded from a user provider. {"provider":"PrestaShopBundle\\Security\\Admin\\EmployeeProvider","username":"patrykkalkowski5675@gmail.com"} []
[2020-11-11 22:34:13] app.ERROR: Data from PrestaShop Addons is invalid, and cannot fallback on cache.  {"exception":"Client error response [url] https://api-addons.prestashop.com?format=json&iso_lang=pl&iso_code=PL&version=1.7.6.8&shop_url=http%3A%2F%2Flocalhost&method=listing&action=customer&username=patrykkalkowski5675%40gmail.com&password=qwerty123 [status code] 400 [reason phrase] Bad Request"} []
[2020-11-11 22:34:14] security.DEBUG: Stored the security token in the session. {"key":"_security_main"} []
[2020-11-11 22:42:52] request.INFO: Matched route "admin_payment_methods". {"route":"admin_payment_methods","route_parameters":{"_controller":"PrestaShopBundle\\Controller\\Admin\\Improve\\Payment\\PaymentMethodsController::indexAction","_legacy_controller":"AdminPayment","_legacy_link":"AdminPayment","_route":"admin_payment_methods"},"request_uri":"https://localhost/prestashop/admin428cvzpum/index.php/improve/payment/payment_methods?_token=nA90uctgCMg1U3Mo7NeGLWYY542QtB1YhWjD3dy1blk","method":"GET"} []
[2020-11-11 22:42:52] security.DEBUG: Read existing security token from the session. {"key":"_security_main","token_class":"Symfony\\Component\\Security\\Core\\Authentication\\Token\\UsernamePasswordToken"} []
[2020-11-11 22:42:52] security.DEBUG: User was reloaded from a user provider. {"provider":"PrestaShopBundle\\Security\\Admin\\EmployeeProvider","username":"patrykkalkowski5675@gmail.com"} []
[2020-11-11 22:42:53] app.ERROR: Data from PrestaShop Addons is invalid, and cannot fallback on cache.  {"exception":"Client error response [url] https://api-addons.prestashop.com?format=json&iso_lang=pl&iso_code=PL&version=1.7.6.8&shop_url=http%3A%2F%2Flocalhost&method=listing&action=customer&username=patrykkalkowski5675%40gmail.com&password=qwerty123 [status code] 400 [reason phrase] Bad Request"} []
[2020-11-11 22:42:53] security.DEBUG: Stored the security token in the session. {"key":"_security_main"} []
[2020-11-11 23:11:16] request.INFO: Matched route "admin_module_manage". {"route":"admin_module_manage","route_parameters":{"category":null,"keyword":null,"_controller":"PrestaShopBundle\\Controller\\Admin\\Improve\\ModuleController::manageAction","_legacy_controller":"AdminModulesManage","_legacy_link":["AdminModulesManage","AdminModulesSf"],"_route":"admin_module_manage"},"request_uri":"https://localhost/prestashop/admin428cvzpum/index.php/improve/modules/manage?_token=nA90uctgCMg1U3Mo7NeGLWYY542QtB1YhWjD3dy1blk","method":"GET"} []
[2020-11-11 23:11:16] security.DEBUG: Read existing security token from the session. {"key":"_security_main","token_class":"Symfony\\Component\\Security\\Core\\Authentication\\Token\\UsernamePasswordToken"} []
[2020-11-11 23:11:16] security.DEBUG: User was reloaded from a user provider. {"provider":"PrestaShopBundle\\Security\\Admin\\EmployeeProvider","username":"patrykkalkowski5675@gmail.com"} []
[2020-11-11 23:11:16] app.ERROR: Data from PrestaShop Addons is invalid, and cannot fallback on cache.  {"exception":"Client error response [url] https://api-addons.prestashop.com?format=json&iso_lang=pl&iso_code=PL&version=1.7.6.8&shop_url=http%3A%2F%2Flocalhost&method=listing&action=customer&username=patrykkalkowski5675%40gmail.com&password=qwerty123 [status code] 400 [reason phrase] Bad Request"} []
[2020-11-11 23:11:20] request.INFO: Matched route "admin_module_manage". {"route":"admin_module_manage","route_parameters":{"category":null,"keyword":null,"_controller":"PrestaShopBundle\\Controller\\Admin\\Improve\\ModuleController::manageAction","_legacy_controller":"AdminModulesManage","_legacy_link":["AdminModulesManage","AdminModulesSf"],"_route":"admin_module_manage"},"request_uri":"https://localhost/prestashop/admin428cvzpum/index.php/improve/modules/manage?_token=nA90uctgCMg1U3Mo7NeGLWYY542QtB1YhWjD3dy1blk","method":"GET"} []
[2020-11-11 23:11:20] security.DEBUG: Read existing security token from the session. {"key":"_security_main","token_class":"Symfony\\Component\\Security\\Core\\Authentication\\Token\\UsernamePasswordToken"} []
[2020-11-11 23:11:20] security.DEBUG: User was reloaded from a user provider. {"provider":"PrestaShopBundle\\Security\\Admin\\EmployeeProvider","username":"patrykkalkowski5675@gmail.com"} []
[2020-11-11 23:11:20] app.ERROR: Data from PrestaShop Addons is invalid, and cannot fallback on cache.  {"exception":"Client error response [url] https://api-addons.prestashop.com?format=json&iso_lang=pl&iso_code=PL&version=1.7.6.8&shop_url=http%3A%2F%2Flocalhost&method=listing&action=customer&username=patrykkalkowski5675%40gmail.com&password=qwerty123 [status code] 400 [reason phrase] Bad Request"} []
[2020-11-11 23:11:21] security.DEBUG: Stored the security token in the session. {"key":"_security_main"} []
[2020-11-11 23:11:23] request.INFO: Matched route "admin_module_notification_count". {"route":"admin_module_notification_count","route_parameters":{"_controller":"PrestaShopBundle\\Controller\\Admin\\Improve\\Modules\\AlertsController::notificationsCountAction","_legacy_controller":"AdminModulesNotifications","_legacy_link":"AdminModulesNotifications:count","_route":"admin_module_notification_count"},"request_uri":"https://localhost/prestashop/admin428cvzpum/index.php/improve/modules/alerts/count?_token=nA90uctgCMg1U3Mo7NeGLWYY542QtB1YhWjD3dy1blk","method":"GET"} []
[2020-11-11 23:11:23] security.DEBUG: Read existing security token from the session. {"key":"_security_main","token_class":"Symfony\\Component\\Security\\Core\\Authentication\\Token\\UsernamePasswordToken"} []
[2020-11-11 23:11:23] security.DEBUG: User was reloaded from a user provider. {"provider":"PrestaShopBundle\\Security\\Admin\\EmployeeProvider","username":"patrykkalkowski5675@gmail.com"} []
[2020-11-11 23:11:23] app.ERROR: Data from PrestaShop Addons is invalid, and cannot fallback on cache.  {"exception":"Client error response [url] https://api-addons.prestashop.com?format=json&iso_lang=pl&iso_code=PL&version=1.7.6.8&shop_url=http%3A%2F%2Flocalhost&method=listing&action=customer&username=patrykkalkowski5675%40gmail.com&password=qwerty123 [status code] 400 [reason phrase] Bad Request"} []
[2020-11-11 23:11:24] security.DEBUG: Stored the security token in the session. {"key":"_security_main"} []
[2020-11-11 23:11:28] request.INFO: Matched route "admin_module_configure_action". {"route":"admin_module_configure_action","route_parameters":{"_controller":"PrestaShopBundle\\Controller\\Admin\\Improve\\ModuleController::configureModuleAction","_legacy_controller":"AdminModules","module_name":"ps_googleanalytics","_route":"admin_module_configure_action"},"request_uri":"https://localhost/prestashop/admin428cvzpum/index.php/improve/modules/manage/action/configure/ps_googleanalytics?_token=nA90uctgCMg1U3Mo7NeGLWYY542QtB1YhWjD3dy1blk","method":"GET"} []
[2020-11-11 23:11:28] security.DEBUG: Read existing security token from the session. {"key":"_security_main","token_class":"Symfony\\Component\\Security\\Core\\Authentication\\Token\\UsernamePasswordToken"} []
[2020-11-11 23:11:28] security.DEBUG: User was reloaded from a user provider. {"provider":"PrestaShopBundle\\Security\\Admin\\EmployeeProvider","username":"patrykkalkowski5675@gmail.com"} []
[2020-11-11 23:11:28] app.ERROR: Data from PrestaShop Addons is invalid, and cannot fallback on cache.  {"exception":"Client error response [url] https://api-addons.prestashop.com?format=json&iso_lang=pl&iso_code=PL&version=1.7.6.8&shop_url=http%3A%2F%2Flocalhost&method=listing&action=customer&username=patrykkalkowski5675%40gmail.com&password=qwerty123 [status code] 400 [reason phrase] Bad Request"} []
[2020-11-11 23:11:29] security.DEBUG: Stored the security token in the session. {"key":"_security_main"} []
[2020-11-11 23:28:56] request.INFO: Matched route "admin_module_manage". {"route":"admin_module_manage","route_parameters":{"category":null,"keyword":null,"_controller":"PrestaShopBundle\\Controller\\Admin\\Improve\\ModuleController::manageAction","_legacy_controller":"AdminModulesManage","_legacy_link":["AdminModulesManage","AdminModulesSf"],"_route":"admin_module_manage"},"request_uri":"https://localhost/prestashop/admin428cvzpum/index.php/improve/modules/manage?_token=nA90uctgCMg1U3Mo7NeGLWYY542QtB1YhWjD3dy1blk","method":"GET"} []
[2020-11-11 23:28:56] security.DEBUG: Read existing security token from the session. {"key":"_security_main","token_class":"Symfony\\Component\\Security\\Core\\Authentication\\Token\\UsernamePasswordToken"} []
[2020-11-11 23:28:56] security.DEBUG: User was reloaded from a user provider. {"provider":"PrestaShopBundle\\Security\\Admin\\EmployeeProvider","username":"patrykkalkowski5675@gmail.com"} []
[2020-11-11 23:28:57] app.ERROR: Data from PrestaShop Addons is invalid, and cannot fallback on cache.  {"exception":"Client error response [url] https://api-addons.prestashop.com?format=json&iso_lang=pl&iso_code=PL&version=1.7.6.8&shop_url=http%3A%2F%2Flocalhost&method=listing&action=customer&username=patrykkalkowski5675%40gmail.com&password=qwerty123 [status code] 400 [reason phrase] Bad Request"} []
[2020-11-11 23:28:57] security.DEBUG: Stored the security token in the session. {"key":"_security_main"} []
[2020-11-11 23:29:00] request.INFO: Matched route "admin_module_notification_count". {"route":"admin_module_notification_count","route_parameters":{"_controller":"PrestaShopBundle\\Controller\\Admin\\Improve\\Modules\\AlertsController::notificationsCountAction","_legacy_controller":"AdminModulesNotifications","_legacy_link":"AdminModulesNotifications:count","_route":"admin_module_notification_count"},"request_uri":"https://localhost/prestashop/admin428cvzpum/index.php/improve/modules/alerts/count?_token=nA90uctgCMg1U3Mo7NeGLWYY542QtB1YhWjD3dy1blk","method":"GET"} []
[2020-11-11 23:29:00] security.DEBUG: Read existing security token from the session. {"key":"_security_main","token_class":"Symfony\\Component\\Security\\Core\\Authentication\\Token\\UsernamePasswordToken"} []
[2020-11-11 23:29:00] security.DEBUG: User was reloaded from a user provider. {"provider":"PrestaShopBundle\\Security\\Admin\\EmployeeProvider","username":"patrykkalkowski5675@gmail.com"} []
[2020-11-11 23:29:00] app.ERROR: Data from PrestaShop Addons is invalid, and cannot fallback on cache.  {"exception":"Client error response [url] https://api-addons.prestashop.com?format=json&iso_lang=pl&iso_code=PL&version=1.7.6.8&shop_url=http%3A%2F%2Flocalhost&method=listing&action=customer&username=patrykkalkowski5675%40gmail.com&password=qwerty123 [status code] 400 [reason phrase] Bad Request"} []
[2020-11-11 23:29:00] security.DEBUG: Stored the security token in the session. {"key":"_security_main"} []
[2020-11-11 23:29:03] request.INFO: Matched route "admin_module_configure_action". {"route":"admin_module_configure_action","route_parameters":{"_controller":"PrestaShopBundle\\Controller\\Admin\\Improve\\ModuleController::configureModuleAction","_legacy_controller":"AdminModules","module_name":"ps_banner","_route":"admin_module_configure_action"},"request_uri":"https://localhost/prestashop/admin428cvzpum/index.php/improve/modules/manage/action/configure/ps_banner?_token=nA90uctgCMg1U3Mo7NeGLWYY542QtB1YhWjD3dy1blk","method":"GET"} []
[2020-11-11 23:29:03] security.DEBUG: Read existing security token from the session. {"key":"_security_main","token_class":"Symfony\\Component\\Security\\Core\\Authentication\\Token\\UsernamePasswordToken"} []
[2020-11-11 23:29:03] security.DEBUG: User was reloaded from a user provider. {"provider":"PrestaShopBundle\\Security\\Admin\\EmployeeProvider","username":"patrykkalkowski5675@gmail.com"} []
[2020-11-11 23:29:04] app.ERROR: Data from PrestaShop Addons is invalid, and cannot fallback on cache.  {"exception":"Client error response [url] https://api-addons.prestashop.com?format=json&iso_lang=pl&iso_code=PL&version=1.7.6.8&shop_url=http%3A%2F%2Flocalhost&method=listing&action=customer&username=patrykkalkowski5675%40gmail.com&password=qwerty123 [status code] 400 [reason phrase] Bad Request"} []
[2020-11-11 23:29:04] security.DEBUG: Stored the security token in the session. {"key":"_security_main"} []
[2020-11-11 23:39:11] request.INFO: Matched route "admin_module_manage". {"route":"admin_module_manage","route_parameters":{"category":null,"keyword":null,"_controller":"PrestaShopBundle\\Controller\\Admin\\Improve\\ModuleController::manageAction","_legacy_controller":"AdminModulesManage","_legacy_link":["AdminModulesManage","AdminModulesSf"],"_route":"admin_module_manage"},"request_uri":"https://localhost/prestashop/admin428cvzpum/index.php/improve/modules/manage?_token=nA90uctgCMg1U3Mo7NeGLWYY542QtB1YhWjD3dy1blk","method":"GET"} []
[2020-11-11 23:39:11] security.DEBUG: Read existing security token from the session. {"key":"_security_main","token_class":"Symfony\\Component\\Security\\Core\\Authentication\\Token\\UsernamePasswordToken"} []
[2020-11-11 23:39:11] security.DEBUG: User was reloaded from a user provider. {"provider":"PrestaShopBundle\\Security\\Admin\\EmployeeProvider","username":"patrykkalkowski5675@gmail.com"} []
[2020-11-11 23:39:12] app.ERROR: Data from PrestaShop Addons is invalid, and cannot fallback on cache.  {"exception":"Client error response [url] https://api-addons.prestashop.com?format=json&iso_lang=pl&iso_code=PL&version=1.7.6.8&shop_url=http%3A%2F%2Flocalhost&method=listing&action=customer&username=patrykkalkowski5675%40gmail.com&password=qwerty123 [status code] 400 [reason phrase] Bad Request"} []
[2020-11-11 23:39:12] security.DEBUG: Stored the security token in the session. {"key":"_security_main"} []
[2020-11-11 23:39:15] request.INFO: Matched route "admin_module_notification_count". {"route":"admin_module_notification_count","route_parameters":{"_controller":"PrestaShopBundle\\Controller\\Admin\\Improve\\Modules\\AlertsController::notificationsCountAction","_legacy_controller":"AdminModulesNotifications","_legacy_link":"AdminModulesNotifications:count","_route":"admin_module_notification_count"},"request_uri":"https://localhost/prestashop/admin428cvzpum/index.php/improve/modules/alerts/count?_token=nA90uctgCMg1U3Mo7NeGLWYY542QtB1YhWjD3dy1blk","method":"GET"} []
[2020-11-11 23:39:15] security.DEBUG: Read existing security token from the session. {"key":"_security_main","token_class":"Symfony\\Component\\Security\\Core\\Authentication\\Token\\UsernamePasswordToken"} []
[2020-11-11 23:39:15] security.DEBUG: User was reloaded from a user provider. {"provider":"PrestaShopBundle\\Security\\Admin\\EmployeeProvider","username":"patrykkalkowski5675@gmail.com"} []
[2020-11-11 23:39:16] app.ERROR: Data from PrestaShop Addons is invalid, and cannot fallback on cache.  {"exception":"Client error response [url] https://api-addons.prestashop.com?format=json&iso_lang=pl&iso_code=PL&version=1.7.6.8&shop_url=http%3A%2F%2Flocalhost&method=listing&action=customer&username=patrykkalkowski5675%40gmail.com&password=qwerty123 [status code] 400 [reason phrase] Bad Request"} []
[2020-11-11 23:39:16] security.DEBUG: Stored the security token in the session. {"key":"_security_main"} []
[2020-11-11 23:39:19] request.INFO: Matched route "admin_module_configure_action". {"route":"admin_module_configure_action","route_parameters":{"_controller":"PrestaShopBundle\\Controller\\Admin\\Improve\\ModuleController::configureModuleAction","_legacy_controller":"AdminModules","module_name":"ps_googleanalytics","_route":"admin_module_configure_action"},"request_uri":"https://localhost/prestashop/admin428cvzpum/index.php/improve/modules/manage/action/configure/ps_googleanalytics?_token=nA90uctgCMg1U3Mo7NeGLWYY542QtB1YhWjD3dy1blk","method":"GET"} []
[2020-11-11 23:39:19] security.DEBUG: Read existing security token from the session. {"key":"_security_main","token_class":"Symfony\\Component\\Security\\Core\\Authentication\\Token\\UsernamePasswordToken"} []
[2020-11-11 23:39:19] security.DEBUG: User was reloaded from a user provider. {"provider":"PrestaShopBundle\\Security\\Admin\\EmployeeProvider","username":"patrykkalkowski5675@gmail.com"} []
[2020-11-11 23:39:20] app.ERROR: Data from PrestaShop Addons is invalid, and cannot fallback on cache.  {"exception":"Client error response [url] https://api-addons.prestashop.com?format=json&iso_lang=pl&iso_code=PL&version=1.7.6.8&shop_url=http%3A%2F%2Flocalhost&method=listing&action=customer&username=patrykkalkowski5675%40gmail.com&password=qwerty123 [status code] 400 [reason phrase] Bad Request"} []
[2020-11-11 23:39:20] security.DEBUG: Stored the security token in the session. {"key":"_security_main"} []
